<?xml version="1.0" encoding="UTF-8"?>
<coverage generated="1608793163442" clover="3.2.0">
  <project timestamp="1608793163443" name="All files">
    <metrics statements="6" coveredstatements="1" conditionals="0" coveredconditionals="0" methods="2" coveredmethods="1" elements="8" coveredelements="2" complexity="0" loc="6" ncloc="6" packages="1" files="1" classes="1"/>
    <file name="currentDate.js" path="/Users/dima/repo/rs_scool/my_repo/covid/covid-19_Dashboard/src/js/currentDate.js">
      <metrics statements="6" coveredstatements="1" conditionals="0" coveredconditionals="0" methods="2" coveredmethods="1"/>
      <line num="3" count="1" type="stmt"/>
      <line num="7" count="0" type="stmt"/>
      <line num="8" count="0" type="stmt"/>
      <line num="9" count="0" type="stmt"/>
      <line num="10" count="0" type="stmt"/>
      <line num="12" count="0" type="stmt"/>
    </file>
  </project>
</coverage>
