{"/Users/dima/repo/rs_scool/my_repo/covid/covid-19_Dashboard/src/js/currentDate.js": {"path":"/Users/dima/repo/rs_scool/my_repo/covid/covid-19_Dashboard/src/js/currentDate.js","statementMap":{"0":{"start":{"line":3,"column":4},"end":{"line":3,"column":55}},"1":{"start":{"line":7,"column":18},"end":{"line":7,"column":28}},"2":{"start":{"line":8,"column":16},"end":{"line":8,"column":34}},"3":{"start":{"line":9,"column":18},"end":{"line":9,"column":41}},"4":{"start":{"line":10,"column":17},"end":{"line":10,"column":39}},"5":{"start":{"line":12,"column":4},"end":{"line":12,"column":111}}},"fnMap":{"0":{"name":"(anonymous_0)","decl":{"start":{"line":2,"column":2},"end":{"line":2,"column":3}},"loc":{"start":{"line":2,"column":16},"end":{"line":4,"column":3}},"line":2},"1":{"name":"(anonymous_1)","decl":{"start":{"line":6,"column":2},"end":{"line":6,"column":3}},"loc":{"start":{"line":6,"column":9},"end":{"line":13,"column":3}},"line":6}},"branchMap":{},"s":{"0":1,"1":0,"2":0,"3":0,"4":0,"5":0},"f":{"0":1,"1":0},"b":{},"_coverageSchema":"1a1c01bbd47fc00a2c39e90264f33305004495a9","hash":"bcd718d75e446ef84d535fed3f1a33d67d2aeba3"}
}
